# JRE version: OpenJDK Runtime Environment (8.0) (build 1.8.0-adoptopenjdk-_2018_05_19_00_59-b00)
# Java VM: OpenJDK 64-Bit Server VM (25.71-b00 mixed mode windows-amd64 compressed oops)
Heap:
 PSYoungGen      total 430592K, used 55758K [0x00000000e0000000, 0x0000000100000000, 0x0000000100000000)
  eden space 338944K, 13% used [0x00000000e0000000,0x00000000e2e337d0,0x00000000f4b00000)
  from space 91648K, 9% used [0x00000000fa200000,0x00000000faa40090,0x00000000ffb80000)
  to   space 89088K, 0% used [0x00000000f4b00000,0x00000000f4b00000,0x00000000fa200000)
 ParOldGen       total 1048576K, used 760648K [0x00000000a0000000, 0x00000000e0000000, 0x00000000e0000000)
  object space 1048576K, 72% used [0x00000000a0000000,0x00000000ce6d20a8,0x00000000e0000000)
 Metaspace       used 174374K, capacity 189451K, committed 189656K, reserved 1214464K
  class space    used 22210K, capacity 24719K, committed 24832K, reserved 1048576K
GC Heap History (10 events):
Event: 11122.207 GC heap before
{Heap before GC invocations=167 (full 7):
 PSYoungGen      total 444416K, used 444010K [0x00000000e0000000, 0x0000000100000000, 0x0000000100000000)
  eden space 389120K, 100% used [0x00000000e0000000,0x00000000f7c00000,0x00000000f7c00000)
  from space 55296K, 99% used [0x00000000f7c00000,0x00000000fb19a810,0x00000000fb200000)
  to   space 74752K, 0% used [0x00000000fb700000,0x00000000fb700000,0x0000000100000000)
 ParOldGen       total 1048576K, used 574624K [0x00000000a0000000, 0x00000000e0000000, 0x00000000e0000000)
  object space 1048576K, 54% used [0x00000000a0000000,0x00000000c31283a0,0x00000000e0000000)
 Metaspace       used 167521K, capacity 180131K, committed 180440K, reserved 1206272K
  class space    used 21296K, capacity 23467K, committed 23552K, reserved 1048576K
Event: 11122.231 GC heap after
Heap after GC invocations=167 (full 7):
 PSYoungGen      total 415744K, used 74741K [0x00000000e0000000, 0x0000000100000000, 0x0000000100000000)
  eden space 340992K, 0% used [0x00000000e0000000,0x00000000e0000000,0x00000000f4d00000)
  from space 74752K, 99% used [0x00000000fb700000,0x00000000ffffd738,0x0000000100000000)
  to   space 91648K, 0% used [0x00000000f4d00000,0x00000000f4d00000,0x00000000fa680000)
 ParOldGen       total 1048576K, used 584125K [0x00000000a0000000, 0x00000000e0000000, 0x00000000e0000000)
  object space 1048576K, 55% used [0x00000000a0000000,0x00000000c3a6f600,0x00000000e0000000)
 Metaspace       used 167521K, capacity 180131K, committed 180440K, reserved 1206272K
  class space    used 21296K, capacity 23467K, committed 23552K, reserved 1048576K
}
Event: 11122.821 GC heap before
{Heap before GC invocations=168 (full 7):
 PSYoungGen      total 415744K, used 415733K [0x00000000e0000000, 0x0000000100000000, 0x0000000100000000)
  eden space 340992K, 100% used [0x00000000e0000000,0x00000000f4d00000,0x00000000f4d00000)
  from space 74752K, 99% used [0x00000000fb700000,0x00000000ffffd738,0x0000000100000000)
  to   space 91648K, 0% used [0x00000000f4d00000,0x00000000f4d00000,0x00000000fa680000)
 ParOldGen       total 1048576K, used 584125K [0x00000000a0000000, 0x00000000e0000000, 0x00000000e0000000)
  object space 1048576K, 55% used [0x00000000a0000000,0x00000000c3a6f600,0x00000000e0000000)
 Metaspace       used 168138K, capacity 180977K, committed 181080K, reserved 1206272K
  class space    used 21372K, capacity 23596K, committed 23680K, reserved 1048576K
Event: 11122.853 GC heap after
Heap after GC invocations=168 (full 7):
 PSYoungGen      total 398848K, used 57580K [0x00000000e0000000, 0x0000000100000000, 0x0000000100000000)
  eden space 340992K, 0% used [0x00000000e0000000,0x00000000e0000000,0x00000000f4d00000)
  from space 57856K, 99% used [0x00000000f4d00000,0x00000000f853b000,0x00000000f8580000)
  to   space 95232K, 0% used [0x00000000fa300000,0x00000000fa300000,0x0000000100000000)
 ParOldGen       total 1048576K, used 646965K [0x00000000a0000000, 0x00000000e0000000, 0x00000000e0000000)
  object space 1048576K, 61% used [0x00000000a0000000,0x00000000c77cd470,0x00000000e0000000)
 Metaspace       used 168138K, capacity 180977K, committed 181080K, reserved 1206272K
  class space    used 21372K, capacity 23596K, committed 23680K, reserved 1048576K
}
Event: 11123.908 GC heap before
{Heap before GC invocations=169 (full 7):
 PSYoungGen      total 398848K, used 398572K [0x00000000e0000000, 0x0000000100000000, 0x0000000100000000)
  eden space 340992K, 100% used [0x00000000e0000000,0x00000000f4d00000,0x00000000f4d00000)
  from space 57856K, 99% used [0x00000000f4d00000,0x00000000f853b000,0x00000000f8580000)
  to   space 95232K, 0% used [0x00000000fa300000,0x00000000fa300000,0x0000000100000000)
 ParOldGen       total 1048576K, used 646965K [0x00000000a0000000, 0x00000000e0000000, 0x00000000e0000000)
  object space 1048576K, 61% used [0x00000000a0000000,0x00000000c77cd470,0x00000000e0000000)
 Metaspace       used 172579K, capacity 186917K, committed 186968K, reserved 1212416K
  class space    used 21981K, capacity 24400K, committed 24448K, reserved 1048576K
Event: 11123.924 GC heap after
Heap after GC invocations=169 (full 7):
 PSYoungGen      total 431616K, used 14401K [0x00000000e0000000, 0x0000000100000000, 0x0000000100000000)
  eden space 336384K, 0% used [0x00000000e0000000,0x00000000e0000000,0x00000000f4880000)
  from space 95232K, 15% used [0x00000000fa300000,0x00000000fb110740,0x0000000100000000)
  to   space 92672K, 0% used [0x00000000f4880000,0x00000000f4880000,0x00000000fa300000)
 ParOldGen       total 1048576K, used 680402K [0x00000000a0000000, 0x00000000e0000000, 0x00000000e0000000)
  object space 1048576K, 64% used [0x00000000a0000000,0x00000000c9874bc8,0x00000000e0000000)
 Metaspace       used 172579K, capacity 186917K, committed 186968K, reserved 1212416K
  class space    used 21981K, capacity 24400K, committed 24448K, reserved 1048576K
}
Event: 11124.169 GC heap before
{Heap before GC invocations=170 (full 7):
 PSYoungGen      total 431616K, used 350785K [0x00000000e0000000, 0x0000000100000000, 0x0000000100000000)
  eden space 336384K, 100% used [0x00000000e0000000,0x00000000f4880000,0x00000000f4880000)
  from space 95232K, 15% used [0x00000000fa300000,0x00000000fb110740,0x0000000100000000)
  to   space 92672K, 0% used [0x00000000f4880000,0x00000000f4880000,0x00000000fa300000)
 ParOldGen       total 1048576K, used 680402K [0x00000000a0000000, 0x00000000e0000000, 0x00000000e0000000)
  object space 1048576K, 64% used [0x00000000a0000000,0x00000000c9874bc8,0x00000000e0000000)
 Metaspace       used 172832K, capacity 187223K, committed 187480K, reserved 1212416K
  class space    used 22005K, capacity 24431K, committed 24448K, reserved 1048576K
Event: 11124.179 GC heap after
Heap after GC invocations=170 (full 7):
 PSYoungGen      total 338944K, used 2304K [0x00000000e0000000, 0x00000000ffb80000, 0x0000000100000000)
  eden space 336384K, 0% used [0x00000000e0000000,0x00000000e0000000,0x00000000f4880000)
  from space 2560K, 90% used [0x00000000f4880000,0x00000000f4ac0000,0x00000000f4b00000)
  to   space 91648K, 0% used [0x00000000fa200000,0x00000000fa200000,0x00000000ffb80000)
 ParOldGen       total 1048576K, used 691828K [0x00000000a0000000, 0x00000000e0000000, 0x00000000e0000000)
  object space 1048576K, 65% used [0x00000000a0000000,0x00000000ca39d070,0x00000000e0000000)
 Metaspace       used 172832K, capacity 187223K, committed 187480K, reserved 1212416K
  class space    used 22005K, capacity 24431K, committed 24448K, reserved 1048576K
}
Event: 11125.267 GC heap before
{Heap before GC invocations=171 (full 7):
 PSYoungGen      total 338944K, used 327362K [0x00000000e0000000, 0x00000000ffb80000, 0x0000000100000000)
  eden space 336384K, 96% used [0x00000000e0000000,0x00000000f3d709c8,0x00000000f4880000)
  from space 2560K, 90% used [0x00000000f4880000,0x00000000f4ac0000,0x00000000f4b00000)
  to   space 91648K, 0% used [0x00000000fa200000,0x00000000fa200000,0x00000000ffb80000)
 ParOldGen       total 1048576K, used 759992K [0x00000000a0000000, 0x00000000e0000000, 0x00000000e0000000)
  object space 1048576K, 72% used [0x00000000a0000000,0x00000000ce62e098,0x00000000e0000000)
 Metaspace       used 174374K, capacity 189451K, committed 189656K, reserved 1214464K
  class space    used 22210K, capacity 24719K, committed 24832K, reserved 1048576K
Event: 11125.274 GC heap after
Heap after GC invocations=171 (full 7):
 PSYoungGen      total 430592K, used 8448K [0x00000000e0000000, 0x0000000100000000, 0x0000000100000000)
  eden space 338944K, 0% used [0x00000000e0000000,0x00000000e0000000,0x00000000f4b00000)
  from space 91648K, 9% used [0x00000000fa200000,0x00000000faa40090,0x00000000ffb80000)
  to   space 89088K, 0% used [0x00000000f4b00000,0x00000000f4b00000,0x00000000fa200000)
 ParOldGen       total 1048576K, used 760648K [0x00000000a0000000, 0x00000000e0000000, 0x00000000e0000000)
  object space 1048576K, 72% used [0x00000000a0000000,0x00000000ce6d20a8,0x00000000e0000000)
 Metaspace       used 174374K, capacity 189451K, committed 189656K, reserved 1214464K
  class space    used 22210K, capacity 24719K, committed 24832K, reserved 1048576K
}

