# JRE version: OpenJDK Runtime Environment (8.0) (build 1.8.0-adoptopenjdk-_2018_05_19_00_59-b00)
# Java VM: OpenJDK 64-Bit Server VM (25.71-b00 mixed mode windows-amd64 compressed oops)
Heap:
 PSYoungGen      total 406528K, used 209312K [0x00000000e0000000, 0x0000000100000000, 0x0000000100000000)
  eden space 310272K, 43% used [0x00000000e0000000,0x00000000e846cb98,0x00000000f2f00000)
  from space 96256K, 76% used [0x00000000fa000000,0x00000000fe7fb560,0x00000000ffe00000)
  to   space 107008K, 0% used [0x00000000f2f00000,0x00000000f2f00000,0x00000000f9780000)
 ParOldGen       total 1048576K, used 585904K [0x00000000a0000000, 0x00000000e0000000, 0x00000000e0000000)
  object space 1048576K, 55% used [0x00000000a0000000,0x00000000c3c2c3e0,0x00000000e0000000)
 Metaspace       used 174699K, capacity 187514K, committed 187712K, reserved 1212416K
  class space    used 21933K, capacity 24175K, committed 24192K, reserved 1048576K
GC Heap History (10 events):
Event: 4308.007 GC heap before
{Heap before GC invocations=96 (full 7):
 PSYoungGen      total 428032K, used 379561K [0x00000000e0000000, 0x0000000100000000, 0x0000000100000000)
  eden space 348160K, 100% used [0x00000000e0000000,0x00000000f5400000,0x00000000f5400000)
  from space 79872K, 39% used [0x00000000f5400000,0x00000000f72aa508,0x00000000fa200000)
  to   space 78336K, 0% used [0x00000000fb380000,0x00000000fb380000,0x0000000100000000)
 ParOldGen       total 1048576K, used 435936K [0x00000000a0000000, 0x00000000e0000000, 0x00000000e0000000)
  object space 1048576K, 41% used [0x00000000a0000000,0x00000000ba9b8270,0x00000000e0000000)
 Metaspace       used 174638K, capacity 187494K, committed 187712K, reserved 1212416K
  class space    used 21931K, capacity 24173K, committed 24192K, reserved 1048576K
Event: 4308.036 GC heap after
Heap after GC invocations=96 (full 7):
 PSYoungGen      total 395776K, used 78327K [0x00000000e0000000, 0x0000000100000000, 0x0000000100000000)
  eden space 317440K, 0% used [0x00000000e0000000,0x00000000e0000000,0x00000000f3600000)
  from space 78336K, 99% used [0x00000000fb380000,0x00000000ffffdd60,0x0000000100000000)
  to   space 103424K, 0% used [0x00000000f3600000,0x00000000f3600000,0x00000000f9b00000)
 ParOldGen       total 1048576K, used 461779K [0x00000000a0000000, 0x00000000e0000000, 0x00000000e0000000)
  object space 1048576K, 44% used [0x00000000a0000000,0x00000000bc2f4cf8,0x00000000e0000000)
 Metaspace       used 174638K, capacity 187494K, committed 187712K, reserved 1212416K
  class space    used 21931K, capacity 24173K, committed 24192K, reserved 1048576K
}
Event: 4308.316 GC heap before
{Heap before GC invocations=97 (full 7):
 PSYoungGen      total 395776K, used 395767K [0x00000000e0000000, 0x0000000100000000, 0x0000000100000000)
  eden space 317440K, 100% used [0x00000000e0000000,0x00000000f3600000,0x00000000f3600000)
  from space 78336K, 99% used [0x00000000fb380000,0x00000000ffffdd60,0x0000000100000000)
  to   space 103424K, 0% used [0x00000000f3600000,0x00000000f3600000,0x00000000f9b00000)
 ParOldGen       total 1048576K, used 461779K [0x00000000a0000000, 0x00000000e0000000, 0x00000000e0000000)
  object space 1048576K, 44% used [0x00000000a0000000,0x00000000bc2f4cf8,0x00000000e0000000)
 Metaspace       used 174641K, capacity 187494K, committed 187712K, reserved 1212416K
  class space    used 21931K, capacity 24173K, committed 24192K, reserved 1048576K
Event: 4308.342 GC heap after
Heap after GC invocations=97 (full 7):
 PSYoungGen      total 420864K, used 44885K [0x00000000e0000000, 0x0000000100000000, 0x0000000100000000)
  eden space 317440K, 0% used [0x00000000e0000000,0x00000000e0000000,0x00000000f3600000)
  from space 103424K, 43% used [0x00000000f3600000,0x00000000f61d5540,0x00000000f9b00000)
  to   space 101888K, 0% used [0x00000000f9c80000,0x00000000f9c80000,0x0000000100000000)
 ParOldGen       total 1048576K, used 526923K [0x00000000a0000000, 0x00000000e0000000, 0x00000000e0000000)
  object space 1048576K, 50% used [0x00000000a0000000,0x00000000c0292c00,0x00000000e0000000)
 Metaspace       used 174641K, capacity 187494K, committed 187712K, reserved 1212416K
  class space    used 21931K, capacity 24173K, committed 24192K, reserved 1048576K
}
Event: 4308.501 GC heap before
{Heap before GC invocations=98 (full 7):
 PSYoungGen      total 420864K, used 362325K [0x00000000e0000000, 0x0000000100000000, 0x0000000100000000)
  eden space 317440K, 100% used [0x00000000e0000000,0x00000000f3600000,0x00000000f3600000)
  from space 103424K, 43% used [0x00000000f3600000,0x00000000f61d5540,0x00000000f9b00000)
  to   space 101888K, 0% used [0x00000000f9c80000,0x00000000f9c80000,0x0000000100000000)
 ParOldGen       total 1048576K, used 526923K [0x00000000a0000000, 0x00000000e0000000, 0x00000000e0000000)
  object space 1048576K, 50% used [0x00000000a0000000,0x00000000c0292c00,0x00000000e0000000)
 Metaspace       used 174657K, capacity 187498K, committed 187712K, reserved 1212416K
  class space    used 21932K, capacity 24173K, committed 24192K, reserved 1048576K
Event: 4308.514 GC heap after
Heap after GC invocations=98 (full 7):
 PSYoungGen      total 414208K, used 4608K [0x00000000e0000000, 0x00000000ff980000, 0x0000000100000000)
  eden space 318976K, 0% used [0x00000000e0000000,0x00000000e0000000,0x00000000f3780000)
  from space 95232K, 4% used [0x00000000f9c80000,0x00000000fa1001c8,0x00000000ff980000)
  to   space 99328K, 0% used [0x00000000f3780000,0x00000000f3780000,0x00000000f9880000)
 ParOldGen       total 1048576K, used 553872K [0x00000000a0000000, 0x00000000e0000000, 0x00000000e0000000)
  object space 1048576K, 52% used [0x00000000a0000000,0x00000000c1ce42b8,0x00000000e0000000)
 Metaspace       used 174657K, capacity 187498K, committed 187712K, reserved 1212416K
  class space    used 21932K, capacity 24173K, committed 24192K, reserved 1048576K
}
Event: 4308.618 GC heap before
{Heap before GC invocations=99 (full 7):
 PSYoungGen      total 414208K, used 323584K [0x00000000e0000000, 0x00000000ff980000, 0x0000000100000000)
  eden space 318976K, 100% used [0x00000000e0000000,0x00000000f3780000,0x00000000f3780000)
  from space 95232K, 4% used [0x00000000f9c80000,0x00000000fa1001c8,0x00000000ff980000)
  to   space 99328K, 0% used [0x00000000f3780000,0x00000000f3780000,0x00000000f9880000)
 ParOldGen       total 1048576K, used 553872K [0x00000000a0000000, 0x00000000e0000000, 0x00000000e0000000)
  object space 1048576K, 52% used [0x00000000a0000000,0x00000000c1ce42b8,0x00000000e0000000)
 Metaspace       used 174666K, capacity 187498K, committed 187712K, reserved 1212416K
  class space    used 21932K, capacity 24173K, committed 24192K, reserved 1048576K
Event: 4308.624 GC heap after
Heap after GC invocations=99 (full 7):
 PSYoungGen      total 418304K, used 2368K [0x00000000e0000000, 0x00000000ffe00000, 0x0000000100000000)
  eden space 318976K, 0% used [0x00000000e0000000,0x00000000e0000000,0x00000000f3780000)
  from space 99328K, 2% used [0x00000000f3780000,0x00000000f39d0000,0x00000000f9880000)
  to   space 96256K, 0% used [0x00000000fa000000,0x00000000fa000000,0x00000000ffe00000)
 ParOldGen       total 1048576K, used 557278K [0x00000000a0000000, 0x00000000e0000000, 0x00000000e0000000)
  object space 1048576K, 53% used [0x00000000a0000000,0x00000000c2037b68,0x00000000e0000000)
 Metaspace       used 174666K, capacity 187498K, committed 187712K, reserved 1212416K
  class space    used 21932K, capacity 24173K, committed 24192K, reserved 1048576K
}
Event: 4309.082 GC heap before
{Heap before GC invocations=100 (full 7):
 PSYoungGen      total 418304K, used 321028K [0x00000000e0000000, 0x00000000ffe00000, 0x0000000100000000)
  eden space 318976K, 99% used [0x00000000e0000000,0x00000000f37311b8,0x00000000f3780000)
  from space 99328K, 2% used [0x00000000f3780000,0x00000000f39d0000,0x00000000f9880000)
  to   space 96256K, 0% used [0x00000000fa000000,0x00000000fa000000,0x00000000ffe00000)
 ParOldGen       total 1048576K, used 585008K [0x00000000a0000000, 0x00000000e0000000, 0x00000000e0000000)
  object space 1048576K, 55% used [0x00000000a0000000,0x00000000c3b4c3d0,0x00000000e0000000)
 Metaspace       used 174699K, capacity 187514K, committed 187712K, reserved 1212416K
  class space    used 21933K, capacity 24175K, committed 24192K, reserved 1048576K
Event: 4309.092 GC heap after
Heap after GC invocations=100 (full 7):
 PSYoungGen      total 406528K, used 73709K [0x00000000e0000000, 0x0000000100000000, 0x0000000100000000)
  eden space 310272K, 0% used [0x00000000e0000000,0x00000000e0000000,0x00000000f2f00000)
  from space 96256K, 76% used [0x00000000fa000000,0x00000000fe7fb560,0x00000000ffe00000)
  to   space 107008K, 0% used [0x00000000f2f00000,0x00000000f2f00000,0x00000000f9780000)
 ParOldGen       total 1048576K, used 585904K [0x00000000a0000000, 0x00000000e0000000, 0x00000000e0000000)
  object space 1048576K, 55% used [0x00000000a0000000,0x00000000c3c2c3e0,0x00000000e0000000)
 Metaspace       used 174699K, capacity 187514K, committed 187712K, reserved 1212416K
  class space    used 21933K, capacity 24175K, committed 24192K, reserved 1048576K
}

