# JRE version: OpenJDK Runtime Environment (8.0) (build 1.8.0-adoptopenjdk-_2018_05_19_00_59-b00)
# Java VM: OpenJDK 64-Bit Server VM (25.71-b00 mixed mode windows-amd64 compressed oops)
Heap:
 PSYoungGen      total 258560K, used 85391K [0x00000000e0000000, 0x0000000100000000, 0x0000000100000000)
  eden space 175104K, 1% used [0x00000000e0000000,0x00000000e01e55e0,0x00000000eab00000)
  from space 83456K, 99% used [0x00000000fa380000,0x00000000ff4fe980,0x00000000ff500000)
  to   space 174592K, 0% used [0x00000000eab00000,0x00000000eab00000,0x00000000f5580000)
 ParOldGen       total 1048576K, used 640299K [0x00000000a0000000, 0x00000000e0000000, 0x00000000e0000000)
  object space 1048576K, 61% used [0x00000000a0000000,0x00000000c714acd0,0x00000000e0000000)
 Metaspace       used 168249K, capacity 181307K, committed 181440K, reserved 1208320K
  class space    used 21243K, capacity 23516K, committed 23528K, reserved 1048576K
GC Heap History (10 events):
Event: 995.943 GC heap before
{Heap before GC invocations=101 (full 8):
 PSYoungGen      total 410624K, used 290148K [0x00000000e0000000, 0x0000000100000000, 0x0000000100000000)
  eden space 306176K, 92% used [0x00000000e0000000,0x00000000f15ec8e8,0x00000000f2b00000)
  from space 104448K, 5% used [0x00000000f8c80000,0x00000000f91ec8d0,0x00000000ff280000)
  to   space 99840K, 0% used [0x00000000f2b00000,0x00000000f2b00000,0x00000000f8c80000)
 ParOldGen       total 1048576K, used 975926K [0x00000000a0000000, 0x00000000e0000000, 0x00000000e0000000)
  object space 1048576K, 93% used [0x00000000a0000000,0x00000000db90dbc8,0x00000000e0000000)
 Metaspace       used 168068K, capacity 181073K, committed 181184K, reserved 1206272K
  class space    used 21239K, capacity 23511K, committed 23528K, reserved 1048576K
Event: 996.092 GC heap after
Heap after GC invocations=101 (full 8):
 PSYoungGen      total 410624K, used 0K [0x00000000e0000000, 0x0000000100000000, 0x0000000100000000)
  eden space 306176K, 0% used [0x00000000e0000000,0x00000000e0000000,0x00000000f2b00000)
  from space 104448K, 0% used [0x00000000f8c80000,0x00000000f8c80000,0x00000000ff280000)
  to   space 99840K, 0% used [0x00000000f2b00000,0x00000000f2b00000,0x00000000f8c80000)
 ParOldGen       total 1048576K, used 315479K [0x00000000a0000000, 0x00000000e0000000, 0x00000000e0000000)
  object space 1048576K, 30% used [0x00000000a0000000,0x00000000b3415c90,0x00000000e0000000)
 Metaspace       used 168068K, capacity 181073K, committed 181184K, reserved 1206272K
  class space    used 21239K, capacity 23511K, committed 23528K, reserved 1048576K
}
Event: 996.402 GC heap before
{Heap before GC invocations=102 (full 8):
 PSYoungGen      total 410624K, used 306176K [0x00000000e0000000, 0x0000000100000000, 0x0000000100000000)
  eden space 306176K, 100% used [0x00000000e0000000,0x00000000f2b00000,0x00000000f2b00000)
  from space 104448K, 0% used [0x00000000f8c80000,0x00000000f8c80000,0x00000000ff280000)
  to   space 99840K, 0% used [0x00000000f2b00000,0x00000000f2b00000,0x00000000f8c80000)
 ParOldGen       total 1048576K, used 354108K [0x00000000a0000000, 0x00000000e0000000, 0x00000000e0000000)
  object space 1048576K, 33% used [0x00000000a0000000,0x00000000b59cf088,0x00000000e0000000)
 Metaspace       used 168072K, capacity 181073K, committed 181184K, reserved 1206272K
  class space    used 21239K, capacity 23511K, committed 23528K, reserved 1048576K
Event: 996.407 GC heap after
Heap after GC invocations=102 (full 8):
 PSYoungGen      total 406016K, used 12733K [0x00000000e0000000, 0x00000000fef80000, 0x0000000100000000)
  eden space 306176K, 0% used [0x00000000e0000000,0x00000000e0000000,0x00000000f2b00000)
  from space 99840K, 12% used [0x00000000f2b00000,0x00000000f376f7b8,0x00000000f8c80000)
  to   space 93696K, 0% used [0x00000000f9400000,0x00000000f9400000,0x00000000fef80000)
 ParOldGen       total 1048576K, used 354116K [0x00000000a0000000, 0x00000000e0000000, 0x00000000e0000000)
  object space 1048576K, 33% used [0x00000000a0000000,0x00000000b59d1088,0x00000000e0000000)
 Metaspace       used 168072K, capacity 181073K, committed 181184K, reserved 1206272K
  class space    used 21239K, capacity 23511K, committed 23528K, reserved 1048576K
}
Event: 1048.161 GC heap before
{Heap before GC invocations=103 (full 8):
 PSYoungGen      total 406016K, used 311487K [0x00000000e0000000, 0x00000000fef80000, 0x0000000100000000)
  eden space 306176K, 97% used [0x00000000e0000000,0x00000000f23c0758,0x00000000f2b00000)
  from space 99840K, 12% used [0x00000000f2b00000,0x00000000f376f7b8,0x00000000f8c80000)
  to   space 93696K, 0% used [0x00000000f9400000,0x00000000f9400000,0x00000000fef80000)
 ParOldGen       total 1048576K, used 354116K [0x00000000a0000000, 0x00000000e0000000, 0x00000000e0000000)
  object space 1048576K, 33% used [0x00000000a0000000,0x00000000b59d1088,0x00000000e0000000)
 Metaspace       used 168108K, capacity 181137K, committed 181184K, reserved 1206272K
  class space    used 21239K, capacity 23511K, committed 23528K, reserved 1048576K
Event: 1048.168 GC heap after
Heap after GC invocations=103 (full 8):
 PSYoungGen      total 417792K, used 18323K [0x00000000e0000000, 0x00000000fed00000, 0x0000000100000000)
  eden space 326656K, 0% used [0x00000000e0000000,0x00000000e0000000,0x00000000f3f00000)
  from space 91136K, 20% used [0x00000000f9400000,0x00000000fa5e4e60,0x00000000fed00000)
  to   space 87040K, 0% used [0x00000000f3f00000,0x00000000f3f00000,0x00000000f9400000)
 ParOldGen       total 1048576K, used 354124K [0x00000000a0000000, 0x00000000e0000000, 0x00000000e0000000)
  object space 1048576K, 33% used [0x00000000a0000000,0x00000000b59d3088,0x00000000e0000000)
 Metaspace       used 168108K, capacity 181137K, committed 181184K, reserved 1206272K
  class space    used 21239K, capacity 23511K, committed 23528K, reserved 1048576K
}
Event: 1048.732 GC heap before
{Heap before GC invocations=104 (full 8):
 PSYoungGen      total 417792K, used 344977K [0x00000000e0000000, 0x00000000fed00000, 0x0000000100000000)
  eden space 326656K, 99% used [0x00000000e0000000,0x00000000f3eff8c0,0x00000000f3f00000)
  from space 91136K, 20% used [0x00000000f9400000,0x00000000fa5e4e60,0x00000000fed00000)
  to   space 87040K, 0% used [0x00000000f3f00000,0x00000000f3f00000,0x00000000f9400000)
 ParOldGen       total 1048576K, used 354124K [0x00000000a0000000, 0x00000000e0000000, 0x00000000e0000000)
  object space 1048576K, 33% used [0x00000000a0000000,0x00000000b59d3088,0x00000000e0000000)
 Metaspace       used 168156K, capacity 181143K, committed 181184K, reserved 1206272K
  class space    used 21240K, capacity 23512K, committed 23528K, reserved 1048576K
Event: 1048.739 GC heap after
Heap after GC invocations=104 (full 8):
 PSYoungGen      total 413696K, used 29192K [0x00000000e0000000, 0x00000000ff500000, 0x0000000100000000)
  eden space 326656K, 0% used [0x00000000e0000000,0x00000000e0000000,0x00000000f3f00000)
  from space 87040K, 33% used [0x00000000f3f00000,0x00000000f5b82130,0x00000000f9400000)
  to   space 83456K, 0% used [0x00000000fa380000,0x00000000fa380000,0x00000000ff500000)
 ParOldGen       total 1048576K, used 354132K [0x00000000a0000000, 0x00000000e0000000, 0x00000000e0000000)
  object space 1048576K, 33% used [0x00000000a0000000,0x00000000b59d5088,0x00000000e0000000)
 Metaspace       used 168156K, capacity 181143K, committed 181184K, reserved 1206272K
  class space    used 21240K, capacity 23512K, committed 23528K, reserved 1048576K
}
Event: 1051.187 GC heap before
{Heap before GC invocations=105 (full 8):
 PSYoungGen      total 413696K, used 333347K [0x00000000e0000000, 0x00000000ff500000, 0x0000000100000000)
  eden space 326656K, 93% used [0x00000000e0000000,0x00000000f2906e08,0x00000000f3f00000)
  from space 87040K, 33% used [0x00000000f3f00000,0x00000000f5b82130,0x00000000f9400000)
  to   space 83456K, 0% used [0x00000000fa380000,0x00000000fa380000,0x00000000ff500000)
 ParOldGen       total 1048576K, used 411179K [0x00000000a0000000, 0x00000000e0000000, 0x00000000e0000000)
  object space 1048576K, 39% used [0x00000000a0000000,0x00000000b918ac28,0x00000000e0000000)
 Metaspace       used 168249K, capacity 181307K, committed 181440K, reserved 1208320K
  class space    used 21243K, capacity 23516K, committed 23528K, reserved 1048576K
Event: 1051.214 GC heap after
Heap after GC invocations=105 (full 8):
 PSYoungGen      total 258560K, used 83450K [0x00000000e0000000, 0x0000000100000000, 0x0000000100000000)
  eden space 175104K, 0% used [0x00000000e0000000,0x00000000e0000000,0x00000000eab00000)
  from space 83456K, 99% used [0x00000000fa380000,0x00000000ff4fe980,0x00000000ff500000)
  to   space 174592K, 0% used [0x00000000eab00000,0x00000000eab00000,0x00000000f5580000)
 ParOldGen       total 1048576K, used 640299K [0x00000000a0000000, 0x00000000e0000000, 0x00000000e0000000)
  object space 1048576K, 61% used [0x00000000a0000000,0x00000000c714acd0,0x00000000e0000000)
 Metaspace       used 168249K, capacity 181307K, committed 181440K, reserved 1208320K
  class space    used 21243K, capacity 23516K, committed 23528K, reserved 1048576K
}

